Performing C SOURCE FILE Test CMAKE_HAVE_LIBC_PTHREAD failed with the following output:
Change Dir: /home/willy/Desktop/opencv/samples/dnn/CMakeFiles/CMakeTmp

Run Build Command(s):/usr/bin/make cmTC_6270b/fast && /usr/bin/make -f CMakeFiles/cmTC_6270b.dir/build.make CMakeFiles/cmTC_6270b.dir/build
make[1]: Entering directory '/home/willy/Desktop/opencv/samples/dnn/CMakeFiles/CMakeTmp'
Building C object CMakeFiles/cmTC_6270b.dir/src.c.o
/usr/bin/cc   -DCMAKE_HAVE_LIBC_PTHREAD   -o CMakeFiles/cmTC_6270b.dir/src.c.o   -c /home/willy/Desktop/opencv/samples/dnn/CMakeFiles/CMakeTmp/src.c
Linking C executable cmTC_6270b
/usr/bin/cmake -E cmake_link_script CMakeFiles/cmTC_6270b.dir/link.txt --verbose=1
/usr/bin/cc  -DCMAKE_HAVE_LIBC_PTHREAD    -rdynamic CMakeFiles/cmTC_6270b.dir/src.c.o  -o cmTC_6270b 
/usr/bin/ld: CMakeFiles/cmTC_6270b.dir/src.c.o: in function `main':
src.c:(.text+0x46): undefined reference to `pthread_create'
/usr/bin/ld: src.c:(.text+0x52): undefined reference to `pthread_detach'
/usr/bin/ld: src.c:(.text+0x63): undefined reference to `pthread_join'
collect2: error: ld returned 1 exit status
make[1]: *** [CMakeFiles/cmTC_6270b.dir/build.make:87: cmTC_6270b] Error 1
make[1]: Leaving directory '/home/willy/Desktop/opencv/samples/dnn/CMakeFiles/CMakeTmp'
make: *** [Makefile:121: cmTC_6270b/fast] Error 2


Source file was:
#include <pthread.h>

void* test_func(void* data)
{
  return data;
}

int main(void)
{
  pthread_t thread;
  pthread_create(&thread, NULL, test_func, NULL);
  pthread_detach(thread);
  pthread_join(thread, NULL);
  pthread_atfork(NULL, NULL, NULL);
  pthread_exit(NULL);

  return 0;
}

Determining if the function pthread_create exists in the pthreads failed with the following output:
Change Dir: /home/willy/Desktop/opencv/samples/dnn/CMakeFiles/CMakeTmp

Run Build Command(s):/usr/bin/make cmTC_96551/fast && /usr/bin/make -f CMakeFiles/cmTC_96551.dir/build.make CMakeFiles/cmTC_96551.dir/build
make[1]: Entering directory '/home/willy/Desktop/opencv/samples/dnn/CMakeFiles/CMakeTmp'
Building C object CMakeFiles/cmTC_96551.dir/CheckFunctionExists.c.o
/usr/bin/cc   -DCHECK_FUNCTION_EXISTS=pthread_create   -o CMakeFiles/cmTC_96551.dir/CheckFunctionExists.c.o   -c /usr/share/cmake-3.16/Modules/CheckFunctionExists.c
Linking C executable cmTC_96551
/usr/bin/cmake -E cmake_link_script CMakeFiles/cmTC_96551.dir/link.txt --verbose=1
/usr/bin/cc  -DCHECK_FUNCTION_EXISTS=pthread_create    -rdynamic CMakeFiles/cmTC_96551.dir/CheckFunctionExists.c.o  -o cmTC_96551  -lpthreads 
/usr/bin/ld: cannot find -lpthreads
collect2: error: ld returned 1 exit status
make[1]: *** [CMakeFiles/cmTC_96551.dir/build.make:87: cmTC_96551] Error 1
make[1]: Leaving directory '/home/willy/Desktop/opencv/samples/dnn/CMakeFiles/CMakeTmp'
make: *** [Makefile:121: cmTC_96551/fast] Error 2



Determining if the CL_VERSION_2_2 exist failed with the following output:
Change Dir: /home/willy/Desktop/opencv/samples/dnn/CMakeFiles/CMakeTmp

Run Build Command(s):/usr/bin/make cmTC_18c98/fast && /usr/bin/make -f CMakeFiles/cmTC_18c98.dir/build.make CMakeFiles/cmTC_18c98.dir/build
make[1]: Entering directory '/home/willy/Desktop/opencv/samples/dnn/CMakeFiles/CMakeTmp'
Building C object CMakeFiles/cmTC_18c98.dir/CheckSymbolExists.c.o
/usr/bin/cc    -o CMakeFiles/cmTC_18c98.dir/CheckSymbolExists.c.o   -c /home/willy/Desktop/opencv/samples/dnn/CMakeFiles/CMakeTmp/CheckSymbolExists.c
/home/willy/Desktop/opencv/samples/dnn/CMakeFiles/CMakeTmp/CheckSymbolExists.c:2:10: fatal error: OpenCL_INCLUDE_DIR-NOTFOUND/CL/cl.h: No such file or directory
    2 | #include <OpenCL_INCLUDE_DIR-NOTFOUND/CL/cl.h>
      |          ^~~~~~~~~~~~~~~~~~~~~~~~~~~~~~~~~~~~~
compilation terminated.
make[1]: *** [CMakeFiles/cmTC_18c98.dir/build.make:66: CMakeFiles/cmTC_18c98.dir/CheckSymbolExists.c.o] Error 1
make[1]: Leaving directory '/home/willy/Desktop/opencv/samples/dnn/CMakeFiles/CMakeTmp'
make: *** [Makefile:121: cmTC_18c98/fast] Error 2


File /home/willy/Desktop/opencv/samples/dnn/CMakeFiles/CMakeTmp/CheckSymbolExists.c:
/* */
#include <OpenCL_INCLUDE_DIR-NOTFOUND/CL/cl.h>

int main(int argc, char** argv)
{
  (void)argv;
#ifndef CL_VERSION_2_2
  return ((int*)(&CL_VERSION_2_2))[argc];
#else
  (void)argc;
  return 0;
#endif
}
Determining if the CL_VERSION_2_1 exist failed with the following output:
Change Dir: /home/willy/Desktop/opencv/samples/dnn/CMakeFiles/CMakeTmp

Run Build Command(s):/usr/bin/make cmTC_4fdd1/fast && /usr/bin/make -f CMakeFiles/cmTC_4fdd1.dir/build.make CMakeFiles/cmTC_4fdd1.dir/build
make[1]: Entering directory '/home/willy/Desktop/opencv/samples/dnn/CMakeFiles/CMakeTmp'
Building C object CMakeFiles/cmTC_4fdd1.dir/CheckSymbolExists.c.o
/usr/bin/cc    -o CMakeFiles/cmTC_4fdd1.dir/CheckSymbolExists.c.o   -c /home/willy/Desktop/opencv/samples/dnn/CMakeFiles/CMakeTmp/CheckSymbolExists.c
/home/willy/Desktop/opencv/samples/dnn/CMakeFiles/CMakeTmp/CheckSymbolExists.c:2:10: fatal error: OpenCL_INCLUDE_DIR-NOTFOUND/CL/cl.h: No such file or directory
    2 | #include <OpenCL_INCLUDE_DIR-NOTFOUND/CL/cl.h>
      |          ^~~~~~~~~~~~~~~~~~~~~~~~~~~~~~~~~~~~~
compilation terminated.
make[1]: *** [CMakeFiles/cmTC_4fdd1.dir/build.make:66: CMakeFiles/cmTC_4fdd1.dir/CheckSymbolExists.c.o] Error 1
make[1]: Leaving directory '/home/willy/Desktop/opencv/samples/dnn/CMakeFiles/CMakeTmp'
make: *** [Makefile:121: cmTC_4fdd1/fast] Error 2


File /home/willy/Desktop/opencv/samples/dnn/CMakeFiles/CMakeTmp/CheckSymbolExists.c:
/* */
#include <OpenCL_INCLUDE_DIR-NOTFOUND/CL/cl.h>

int main(int argc, char** argv)
{
  (void)argv;
#ifndef CL_VERSION_2_1
  return ((int*)(&CL_VERSION_2_1))[argc];
#else
  (void)argc;
  return 0;
#endif
}
Determining if the CL_VERSION_2_0 exist failed with the following output:
Change Dir: /home/willy/Desktop/opencv/samples/dnn/CMakeFiles/CMakeTmp

Run Build Command(s):/usr/bin/make cmTC_d9814/fast && /usr/bin/make -f CMakeFiles/cmTC_d9814.dir/build.make CMakeFiles/cmTC_d9814.dir/build
make[1]: Entering directory '/home/willy/Desktop/opencv/samples/dnn/CMakeFiles/CMakeTmp'
Building C object CMakeFiles/cmTC_d9814.dir/CheckSymbolExists.c.o
/usr/bin/cc    -o CMakeFiles/cmTC_d9814.dir/CheckSymbolExists.c.o   -c /home/willy/Desktop/opencv/samples/dnn/CMakeFiles/CMakeTmp/CheckSymbolExists.c
/home/willy/Desktop/opencv/samples/dnn/CMakeFiles/CMakeTmp/CheckSymbolExists.c:2:10: fatal error: OpenCL_INCLUDE_DIR-NOTFOUND/CL/cl.h: No such file or directory
    2 | #include <OpenCL_INCLUDE_DIR-NOTFOUND/CL/cl.h>
      |          ^~~~~~~~~~~~~~~~~~~~~~~~~~~~~~~~~~~~~
compilation terminated.
make[1]: *** [CMakeFiles/cmTC_d9814.dir/build.make:66: CMakeFiles/cmTC_d9814.dir/CheckSymbolExists.c.o] Error 1
make[1]: Leaving directory '/home/willy/Desktop/opencv/samples/dnn/CMakeFiles/CMakeTmp'
make: *** [Makefile:121: cmTC_d9814/fast] Error 2


File /home/willy/Desktop/opencv/samples/dnn/CMakeFiles/CMakeTmp/CheckSymbolExists.c:
/* */
#include <OpenCL_INCLUDE_DIR-NOTFOUND/CL/cl.h>

int main(int argc, char** argv)
{
  (void)argv;
#ifndef CL_VERSION_2_0
  return ((int*)(&CL_VERSION_2_0))[argc];
#else
  (void)argc;
  return 0;
#endif
}
Determining if the CL_VERSION_1_2 exist failed with the following output:
Change Dir: /home/willy/Desktop/opencv/samples/dnn/CMakeFiles/CMakeTmp

Run Build Command(s):/usr/bin/make cmTC_0845e/fast && /usr/bin/make -f CMakeFiles/cmTC_0845e.dir/build.make CMakeFiles/cmTC_0845e.dir/build
make[1]: Entering directory '/home/willy/Desktop/opencv/samples/dnn/CMakeFiles/CMakeTmp'
Building C object CMakeFiles/cmTC_0845e.dir/CheckSymbolExists.c.o
/usr/bin/cc    -o CMakeFiles/cmTC_0845e.dir/CheckSymbolExists.c.o   -c /home/willy/Desktop/opencv/samples/dnn/CMakeFiles/CMakeTmp/CheckSymbolExists.c
/home/willy/Desktop/opencv/samples/dnn/CMakeFiles/CMakeTmp/CheckSymbolExists.c:2:10: fatal error: OpenCL_INCLUDE_DIR-NOTFOUND/CL/cl.h: No such file or directory
    2 | #include <OpenCL_INCLUDE_DIR-NOTFOUND/CL/cl.h>
      |          ^~~~~~~~~~~~~~~~~~~~~~~~~~~~~~~~~~~~~
compilation terminated.
make[1]: *** [CMakeFiles/cmTC_0845e.dir/build.make:66: CMakeFiles/cmTC_0845e.dir/CheckSymbolExists.c.o] Error 1
make[1]: Leaving directory '/home/willy/Desktop/opencv/samples/dnn/CMakeFiles/CMakeTmp'
make: *** [Makefile:121: cmTC_0845e/fast] Error 2


File /home/willy/Desktop/opencv/samples/dnn/CMakeFiles/CMakeTmp/CheckSymbolExists.c:
/* */
#include <OpenCL_INCLUDE_DIR-NOTFOUND/CL/cl.h>

int main(int argc, char** argv)
{
  (void)argv;
#ifndef CL_VERSION_1_2
  return ((int*)(&CL_VERSION_1_2))[argc];
#else
  (void)argc;
  return 0;
#endif
}
Determining if the CL_VERSION_1_1 exist failed with the following output:
Change Dir: /home/willy/Desktop/opencv/samples/dnn/CMakeFiles/CMakeTmp

Run Build Command(s):/usr/bin/make cmTC_8d910/fast && /usr/bin/make -f CMakeFiles/cmTC_8d910.dir/build.make CMakeFiles/cmTC_8d910.dir/build
make[1]: Entering directory '/home/willy/Desktop/opencv/samples/dnn/CMakeFiles/CMakeTmp'
Building C object CMakeFiles/cmTC_8d910.dir/CheckSymbolExists.c.o
/usr/bin/cc    -o CMakeFiles/cmTC_8d910.dir/CheckSymbolExists.c.o   -c /home/willy/Desktop/opencv/samples/dnn/CMakeFiles/CMakeTmp/CheckSymbolExists.c
/home/willy/Desktop/opencv/samples/dnn/CMakeFiles/CMakeTmp/CheckSymbolExists.c:2:10: fatal error: OpenCL_INCLUDE_DIR-NOTFOUND/CL/cl.h: No such file or directory
    2 | #include <OpenCL_INCLUDE_DIR-NOTFOUND/CL/cl.h>
      |          ^~~~~~~~~~~~~~~~~~~~~~~~~~~~~~~~~~~~~
compilation terminated.
make[1]: *** [CMakeFiles/cmTC_8d910.dir/build.make:66: CMakeFiles/cmTC_8d910.dir/CheckSymbolExists.c.o] Error 1
make[1]: Leaving directory '/home/willy/Desktop/opencv/samples/dnn/CMakeFiles/CMakeTmp'
make: *** [Makefile:121: cmTC_8d910/fast] Error 2


File /home/willy/Desktop/opencv/samples/dnn/CMakeFiles/CMakeTmp/CheckSymbolExists.c:
/* */
#include <OpenCL_INCLUDE_DIR-NOTFOUND/CL/cl.h>

int main(int argc, char** argv)
{
  (void)argv;
#ifndef CL_VERSION_1_1
  return ((int*)(&CL_VERSION_1_1))[argc];
#else
  (void)argc;
  return 0;
#endif
}
Determining if the CL_VERSION_1_0 exist failed with the following output:
Change Dir: /home/willy/Desktop/opencv/samples/dnn/CMakeFiles/CMakeTmp

Run Build Command(s):/usr/bin/make cmTC_142cf/fast && /usr/bin/make -f CMakeFiles/cmTC_142cf.dir/build.make CMakeFiles/cmTC_142cf.dir/build
make[1]: Entering directory '/home/willy/Desktop/opencv/samples/dnn/CMakeFiles/CMakeTmp'
Building C object CMakeFiles/cmTC_142cf.dir/CheckSymbolExists.c.o
/usr/bin/cc    -o CMakeFiles/cmTC_142cf.dir/CheckSymbolExists.c.o   -c /home/willy/Desktop/opencv/samples/dnn/CMakeFiles/CMakeTmp/CheckSymbolExists.c
/home/willy/Desktop/opencv/samples/dnn/CMakeFiles/CMakeTmp/CheckSymbolExists.c:2:10: fatal error: OpenCL_INCLUDE_DIR-NOTFOUND/CL/cl.h: No such file or directory
    2 | #include <OpenCL_INCLUDE_DIR-NOTFOUND/CL/cl.h>
      |          ^~~~~~~~~~~~~~~~~~~~~~~~~~~~~~~~~~~~~
compilation terminated.
make[1]: *** [CMakeFiles/cmTC_142cf.dir/build.make:66: CMakeFiles/cmTC_142cf.dir/CheckSymbolExists.c.o] Error 1
make[1]: Leaving directory '/home/willy/Desktop/opencv/samples/dnn/CMakeFiles/CMakeTmp'
make: *** [Makefile:121: cmTC_142cf/fast] Error 2


File /home/willy/Desktop/opencv/samples/dnn/CMakeFiles/CMakeTmp/CheckSymbolExists.c:
/* */
#include <OpenCL_INCLUDE_DIR-NOTFOUND/CL/cl.h>

int main(int argc, char** argv)
{
  (void)argv;
#ifndef CL_VERSION_1_0
  return ((int*)(&CL_VERSION_1_0))[argc];
#else
  (void)argc;
  return 0;
#endif
}
